<?xml version="1.0" encoding="UTF-8"?>
<testsuite xmlns:xsi="http://www.w3.org/2001/XMLSchema-instance" xsi:noNamespaceSchemaLocation="https://maven.apache.org/surefire/maven-surefire-plugin/xsd/surefire-test-report.xsd" name="TestSuite" time="0.223" tests="0" errors="0" skipped="0" failures="0">
  <properties>
    <property name="java.specification.version" value="17"/>
    <property name="sun.jnu.encoding" value="UTF-8"/>
    <property name="java.class.path" value="/Users/balajivalveriveeraperumal/eclipse-workspace/xeCurrency2/target/test-classes:/Users/balajivalveriveeraperumal/eclipse-workspace/xeCurrency2/target/classes:/Users/balajivalveriveeraperumal/.m2/repository/junit/junit/4.11/junit-4.11.jar:/Users/balajivalveriveeraperumal/.m2/repository/org/hamcrest/hamcrest-core/1.3/hamcrest-core-1.3.jar:/Users/balajivalveriveeraperumal/.m2/repository/info/cukes/cucumber-junit/1.2.5/cucumber-junit-1.2.5.jar:/Users/balajivalveriveeraperumal/.m2/repository/info/cukes/cucumber-core/1.2.5/cucumber-core-1.2.5.jar:/Users/balajivalveriveeraperumal/.m2/repository/info/cukes/cucumber-html/0.2.3/cucumber-html-0.2.3.jar:/Users/balajivalveriveeraperumal/.m2/repository/info/cukes/gherkin/2.12.2/gherkin-2.12.2.jar:/Users/balajivalveriveeraperumal/.m2/repository/info/cukes/cucumber-java/1.2.5/cucumber-java-1.2.5.jar:/Users/balajivalveriveeraperumal/.m2/repository/info/cukes/cucumber-testng/1.2.5/cucumber-testng-1.2.5.jar:/Users/balajivalveriveeraperumal/.m2/repository/info/cukes/cucumber-jvm-deps/1.0.5/cucumber-jvm-deps-1.0.5.jar:/Users/balajivalveriveeraperumal/.m2/repository/io/github/bonigarcia/webdrivermanager/4.4.3/webdrivermanager-4.4.3.jar:/Users/balajivalveriveeraperumal/.m2/repository/org/slf4j/slf4j-api/1.7.30/slf4j-api-1.7.30.jar:/Users/balajivalveriveeraperumal/.m2/repository/commons-io/commons-io/2.8.0/commons-io-2.8.0.jar:/Users/balajivalveriveeraperumal/.m2/repository/com/google/code/gson/gson/2.8.6/gson-2.8.6.jar:/Users/balajivalveriveeraperumal/.m2/repository/org/apache/commons/commons-lang3/3.12.0/commons-lang3-3.12.0.jar:/Users/balajivalveriveeraperumal/.m2/repository/org/apache/httpcomponents/client5/httpclient5/5.0.3/httpclient5-5.0.3.jar:/Users/balajivalveriveeraperumal/.m2/repository/org/apache/httpcomponents/core5/httpcore5/5.0.2/httpcore5-5.0.2.jar:/Users/balajivalveriveeraperumal/.m2/repository/org/apache/httpcomponents/core5/httpcore5-h2/5.0.2/httpcore5-h2-5.0.2.jar:/Users/balajivalveriveeraperumal/.m2/repository/commons-codec/commons-codec/1.13/commons-codec-1.13.jar:/Users/balajivalveriveeraperumal/.m2/repository/org/rauschig/jarchivelib/1.1.0/jarchivelib-1.1.0.jar:/Users/balajivalveriveeraperumal/.m2/repository/org/apache/commons/commons-compress/1.20/commons-compress-1.20.jar:/Users/balajivalveriveeraperumal/.m2/repository/org/jsoup/jsoup/1.13.1/jsoup-1.13.1.jar:/Users/balajivalveriveeraperumal/.m2/repository/org/seleniumhq/selenium/selenium-java/3.141.59/selenium-java-3.141.59.jar:/Users/balajivalveriveeraperumal/.m2/repository/org/seleniumhq/selenium/selenium-api/3.141.59/selenium-api-3.141.59.jar:/Users/balajivalveriveeraperumal/.m2/repository/org/seleniumhq/selenium/selenium-chrome-driver/3.141.59/selenium-chrome-driver-3.141.59.jar:/Users/balajivalveriveeraperumal/.m2/repository/org/seleniumhq/selenium/selenium-edge-driver/3.141.59/selenium-edge-driver-3.141.59.jar:/Users/balajivalveriveeraperumal/.m2/repository/org/seleniumhq/selenium/selenium-firefox-driver/3.141.59/selenium-firefox-driver-3.141.59.jar:/Users/balajivalveriveeraperumal/.m2/repository/org/seleniumhq/selenium/selenium-ie-driver/3.141.59/selenium-ie-driver-3.141.59.jar:/Users/balajivalveriveeraperumal/.m2/repository/org/seleniumhq/selenium/selenium-opera-driver/3.141.59/selenium-opera-driver-3.141.59.jar:/Users/balajivalveriveeraperumal/.m2/repository/org/seleniumhq/selenium/selenium-safari-driver/3.141.59/selenium-safari-driver-3.141.59.jar:/Users/balajivalveriveeraperumal/.m2/repository/org/seleniumhq/selenium/selenium-support/3.141.59/selenium-support-3.141.59.jar:/Users/balajivalveriveeraperumal/.m2/repository/net/bytebuddy/byte-buddy/1.8.15/byte-buddy-1.8.15.jar:/Users/balajivalveriveeraperumal/.m2/repository/org/apache/commons/commons-exec/1.3/commons-exec-1.3.jar:/Users/balajivalveriveeraperumal/.m2/repository/com/google/guava/guava/25.0-jre/guava-25.0-jre.jar:/Users/balajivalveriveeraperumal/.m2/repository/com/google/code/findbugs/jsr305/1.3.9/jsr305-1.3.9.jar:/Users/balajivalveriveeraperumal/.m2/repository/org/checkerframework/checker-compat-qual/2.0.0/checker-compat-qual-2.0.0.jar:/Users/balajivalveriveeraperumal/.m2/repository/com/google/errorprone/error_prone_annotations/2.1.3/error_prone_annotations-2.1.3.jar:/Users/balajivalveriveeraperumal/.m2/repository/com/google/j2objc/j2objc-annotations/1.1/j2objc-annotations-1.1.jar:/Users/balajivalveriveeraperumal/.m2/repository/org/codehaus/mojo/animal-sniffer-annotations/1.14/animal-sniffer-annotations-1.14.jar:/Users/balajivalveriveeraperumal/.m2/repository/com/squareup/okhttp3/okhttp/3.11.0/okhttp-3.11.0.jar:/Users/balajivalveriveeraperumal/.m2/repository/com/squareup/okio/okio/1.14.0/okio-1.14.0.jar:/Users/balajivalveriveeraperumal/.m2/repository/org/testng/testng/7.1.0/testng-7.1.0.jar:/Users/balajivalveriveeraperumal/.m2/repository/com/beust/jcommander/1.72/jcommander-1.72.jar:/Users/balajivalveriveeraperumal/.m2/repository/com/google/inject/guice/4.1.0/guice-4.1.0-no_aop.jar:/Users/balajivalveriveeraperumal/.m2/repository/javax/inject/javax.inject/1/javax.inject-1.jar:/Users/balajivalveriveeraperumal/.m2/repository/aopalliance/aopalliance/1.0/aopalliance-1.0.jar:/Users/balajivalveriveeraperumal/.m2/repository/org/yaml/snakeyaml/1.21/snakeyaml-1.21.jar:/Users/balajivalveriveeraperumal/.m2/repository/org/seleniumhq/selenium/selenium-remote-driver/3.141.59/selenium-remote-driver-3.141.59.jar:"/>
    <property name="java.vm.vendor" value="Oracle Corporation"/>
    <property name="sun.arch.data.model" value="64"/>
    <property name="java.vendor.url" value="https://java.oracle.com/"/>
    <property name="os.name" value="Mac OS X"/>
    <property name="java.vm.specification.version" value="17"/>
    <property name="sun.java.launcher" value="SUN_STANDARD"/>
    <property name="user.country" value="US"/>
    <property name="sun.boot.library.path" value="/Library/Java/JavaVirtualMachines/jdk-17.0.5.jdk/Contents/Home/lib"/>
    <property name="sun.java.command" value="/Users/balajivalveriveeraperumal/eclipse-workspace/xeCurrency2/target/surefire/surefirebooter6882014748744659617.jar /Users/balajivalveriveeraperumal/eclipse-workspace/xeCurrency2/target/surefire 2022-12-05T08-02-38_121-jvmRun1 surefire16248389763007942465tmp surefire_015177490808192656423tmp"/>
    <property name="http.nonProxyHosts" value="local|*.local|169.254/16|*.169.254/16"/>
    <property name="jdk.debug" value="release"/>
    <property name="surefire.test.class.path" value="/Users/balajivalveriveeraperumal/eclipse-workspace/xeCurrency2/target/test-classes:/Users/balajivalveriveeraperumal/eclipse-workspace/xeCurrency2/target/classes:/Users/balajivalveriveeraperumal/.m2/repository/junit/junit/4.11/junit-4.11.jar:/Users/balajivalveriveeraperumal/.m2/repository/org/hamcrest/hamcrest-core/1.3/hamcrest-core-1.3.jar:/Users/balajivalveriveeraperumal/.m2/repository/info/cukes/cucumber-junit/1.2.5/cucumber-junit-1.2.5.jar:/Users/balajivalveriveeraperumal/.m2/repository/info/cukes/cucumber-core/1.2.5/cucumber-core-1.2.5.jar:/Users/balajivalveriveeraperumal/.m2/repository/info/cukes/cucumber-html/0.2.3/cucumber-html-0.2.3.jar:/Users/balajivalveriveeraperumal/.m2/repository/info/cukes/gherkin/2.12.2/gherkin-2.12.2.jar:/Users/balajivalveriveeraperumal/.m2/repository/info/cukes/cucumber-java/1.2.5/cucumber-java-1.2.5.jar:/Users/balajivalveriveeraperumal/.m2/repository/info/cukes/cucumber-testng/1.2.5/cucumber-testng-1.2.5.jar:/Users/balajivalveriveeraperumal/.m2/repository/info/cukes/cucumber-jvm-deps/1.0.5/cucumber-jvm-deps-1.0.5.jar:/Users/balajivalveriveeraperumal/.m2/repository/io/github/bonigarcia/webdrivermanager/4.4.3/webdrivermanager-4.4.3.jar:/Users/balajivalveriveeraperumal/.m2/repository/org/slf4j/slf4j-api/1.7.30/slf4j-api-1.7.30.jar:/Users/balajivalveriveeraperumal/.m2/repository/commons-io/commons-io/2.8.0/commons-io-2.8.0.jar:/Users/balajivalveriveeraperumal/.m2/repository/com/google/code/gson/gson/2.8.6/gson-2.8.6.jar:/Users/balajivalveriveeraperumal/.m2/repository/org/apache/commons/commons-lang3/3.12.0/commons-lang3-3.12.0.jar:/Users/balajivalveriveeraperumal/.m2/repository/org/apache/httpcomponents/client5/httpclient5/5.0.3/httpclient5-5.0.3.jar:/Users/balajivalveriveeraperumal/.m2/repository/org/apache/httpcomponents/core5/httpcore5/5.0.2/httpcore5-5.0.2.jar:/Users/balajivalveriveeraperumal/.m2/repository/org/apache/httpcomponents/core5/httpcore5-h2/5.0.2/httpcore5-h2-5.0.2.jar:/Users/balajivalveriveeraperumal/.m2/repository/commons-codec/commons-codec/1.13/commons-codec-1.13.jar:/Users/balajivalveriveeraperumal/.m2/repository/org/rauschig/jarchivelib/1.1.0/jarchivelib-1.1.0.jar:/Users/balajivalveriveeraperumal/.m2/repository/org/apache/commons/commons-compress/1.20/commons-compress-1.20.jar:/Users/balajivalveriveeraperumal/.m2/repository/org/jsoup/jsoup/1.13.1/jsoup-1.13.1.jar:/Users/balajivalveriveeraperumal/.m2/repository/org/seleniumhq/selenium/selenium-java/3.141.59/selenium-java-3.141.59.jar:/Users/balajivalveriveeraperumal/.m2/repository/org/seleniumhq/selenium/selenium-api/3.141.59/selenium-api-3.141.59.jar:/Users/balajivalveriveeraperumal/.m2/repository/org/seleniumhq/selenium/selenium-chrome-driver/3.141.59/selenium-chrome-driver-3.141.59.jar:/Users/balajivalveriveeraperumal/.m2/repository/org/seleniumhq/selenium/selenium-edge-driver/3.141.59/selenium-edge-driver-3.141.59.jar:/Users/balajivalveriveeraperumal/.m2/repository/org/seleniumhq/selenium/selenium-firefox-driver/3.141.59/selenium-firefox-driver-3.141.59.jar:/Users/balajivalveriveeraperumal/.m2/repository/org/seleniumhq/selenium/selenium-ie-driver/3.141.59/selenium-ie-driver-3.141.59.jar:/Users/balajivalveriveeraperumal/.m2/repository/org/seleniumhq/selenium/selenium-opera-driver/3.141.59/selenium-opera-driver-3.141.59.jar:/Users/balajivalveriveeraperumal/.m2/repository/org/seleniumhq/selenium/selenium-safari-driver/3.141.59/selenium-safari-driver-3.141.59.jar:/Users/balajivalveriveeraperumal/.m2/repository/org/seleniumhq/selenium/selenium-support/3.141.59/selenium-support-3.141.59.jar:/Users/balajivalveriveeraperumal/.m2/repository/net/bytebuddy/byte-buddy/1.8.15/byte-buddy-1.8.15.jar:/Users/balajivalveriveeraperumal/.m2/repository/org/apache/commons/commons-exec/1.3/commons-exec-1.3.jar:/Users/balajivalveriveeraperumal/.m2/repository/com/google/guava/guava/25.0-jre/guava-25.0-jre.jar:/Users/balajivalveriveeraperumal/.m2/repository/com/google/code/findbugs/jsr305/1.3.9/jsr305-1.3.9.jar:/Users/balajivalveriveeraperumal/.m2/repository/org/checkerframework/checker-compat-qual/2.0.0/checker-compat-qual-2.0.0.jar:/Users/balajivalveriveeraperumal/.m2/repository/com/google/errorprone/error_prone_annotations/2.1.3/error_prone_annotations-2.1.3.jar:/Users/balajivalveriveeraperumal/.m2/repository/com/google/j2objc/j2objc-annotations/1.1/j2objc-annotations-1.1.jar:/Users/balajivalveriveeraperumal/.m2/repository/org/codehaus/mojo/animal-sniffer-annotations/1.14/animal-sniffer-annotations-1.14.jar:/Users/balajivalveriveeraperumal/.m2/repository/com/squareup/okhttp3/okhttp/3.11.0/okhttp-3.11.0.jar:/Users/balajivalveriveeraperumal/.m2/repository/com/squareup/okio/okio/1.14.0/okio-1.14.0.jar:/Users/balajivalveriveeraperumal/.m2/repository/org/testng/testng/7.1.0/testng-7.1.0.jar:/Users/balajivalveriveeraperumal/.m2/repository/com/beust/jcommander/1.72/jcommander-1.72.jar:/Users/balajivalveriveeraperumal/.m2/repository/com/google/inject/guice/4.1.0/guice-4.1.0-no_aop.jar:/Users/balajivalveriveeraperumal/.m2/repository/javax/inject/javax.inject/1/javax.inject-1.jar:/Users/balajivalveriveeraperumal/.m2/repository/aopalliance/aopalliance/1.0/aopalliance-1.0.jar:/Users/balajivalveriveeraperumal/.m2/repository/org/yaml/snakeyaml/1.21/snakeyaml-1.21.jar:/Users/balajivalveriveeraperumal/.m2/repository/org/seleniumhq/selenium/selenium-remote-driver/3.141.59/selenium-remote-driver-3.141.59.jar:"/>
    <property name="sun.cpu.endian" value="little"/>
    <property name="user.home" value="/Users/balajivalveriveeraperumal"/>
    <property name="user.language" value="en"/>
    <property name="java.specification.vendor" value="Oracle Corporation"/>
    <property name="java.version.date" value="2022-10-18"/>
    <property name="java.home" value="/Library/Java/JavaVirtualMachines/jdk-17.0.5.jdk/Contents/Home"/>
    <property name="file.separator" value="/"/>
    <property name="basedir" value="/Users/balajivalveriveeraperumal/eclipse-workspace/xeCurrency2"/>
    <property name="java.vm.compressedOopsMode" value="Zero based"/>
    <property name="line.separator" value="&#10;"/>
    <property name="java.specification.name" value="Java Platform API Specification"/>
    <property name="java.vm.specification.vendor" value="Oracle Corporation"/>
    <property name="surefire.real.class.path" value="/Users/balajivalveriveeraperumal/eclipse-workspace/xeCurrency2/target/surefire/surefirebooter6882014748744659617.jar"/>
    <property name="sun.management.compiler" value="HotSpot 64-Bit Tiered Compilers"/>
    <property name="ftp.nonProxyHosts" value="local|*.local|169.254/16|*.169.254/16"/>
    <property name="java.runtime.version" value="17.0.5+9-LTS-191"/>
    <property name="user.name" value="balajivalveriveeraperumal"/>
    <property name="path.separator" value=":"/>
    <property name="os.version" value="12.3.1"/>
    <property name="java.runtime.name" value="Java(TM) SE Runtime Environment"/>
    <property name="file.encoding" value="UTF-8"/>
    <property name="java.vm.name" value="Java HotSpot(TM) 64-Bit Server VM"/>
    <property name="localRepository" value="/Users/balajivalveriveeraperumal/.m2/repository"/>
    <property name="java.vendor.url.bug" value="https://bugreport.java.com/bugreport/"/>
    <property name="java.io.tmpdir" value="/var/folders/5l/0b22kxt555d6sdchtb6cqd_40000gn/T/"/>
    <property name="java.version" value="17.0.5"/>
    <property name="user.dir" value="/Users/balajivalveriveeraperumal/eclipse-workspace/xeCurrency2"/>
    <property name="os.arch" value="x86_64"/>
    <property name="java.vm.specification.name" value="Java Virtual Machine Specification"/>
    <property name="native.encoding" value="UTF-8"/>
    <property name="java.library.path" value="/Users/balajivalveriveeraperumal/Library/Java/Extensions:/Library/Java/Extensions:/Network/Library/Java/Extensions:/System/Library/Java/Extensions:/usr/lib/java:."/>
    <property name="java.vm.info" value="mixed mode, sharing"/>
    <property name="java.vendor" value="Oracle Corporation"/>
    <property name="java.vm.version" value="17.0.5+9-LTS-191"/>
    <property name="sun.io.unicode.encoding" value="UnicodeBig"/>
    <property name="socksNonProxyHosts" value="local|*.local|169.254/16|*.169.254/16"/>
    <property name="java.class.version" value="61.0"/>
  </properties>
</testsuite>