<?xml version="1.0" encoding="UTF-8"?>
<!-- Generated by org.testng.reporters.JUnitReportReporter -->
<testsuite skipped="0" hostname="Balajis-MBP.lan" name="xeCurrency_pro.RunnerTest" tests="1" failures="0" timestamp="2022-12-05T08:27:10 CST" time="14.950" errors="0">
  <testcase name="feature" time="14.950" classname="xeCurrency_pro.RunnerTest"/>
  <system-out/>
</testsuite> <!-- xeCurrency_pro.RunnerTest -->
